build/app/intermediates/manifest_merge_blame_file/release/manifest-merger-blame-release-report.txt
1<?xml version="1.0" encoding="utf-8"?>
2<manifest xmlns:android="http://schemas.android.com/apk/res/android"
3    package="com.example.fms_app"
4    android:versionCode="1"
5    android:versionName="1.0.0" >
6
7    <uses-sdk
8        android:minSdkVersion="21"
8-->src/main/AndroidManifest.xml
9        android:targetSdkVersion="30" />
9-->src/main/AndroidManifest.xml
10
11    <uses-permission android:name="android.permission.CAMERA" />
11-->src/main/AndroidManifest.xml:3:5-65
11-->src/main/AndroidManifest.xml:3:22-62
12    <uses-permission android:name="android.permission.READ_EXTERNAL_STORAGE" />
12-->src/main/AndroidManifest.xml:4:5-79
12-->src/main/AndroidManifest.xml:4:22-77
13    <uses-permission android:name="android.permission.WRITE_EXTERNAL_STORAGE" />
13-->src/main/AndroidManifest.xml:5:5-81
13-->src/main/AndroidManifest.xml:5:22-78
14    <uses-permission android:name="android.permission.INTERNET" />
14-->src/main/AndroidManifest.xml:6:5-67
14-->src/main/AndroidManifest.xml:6:22-64
15
16    <queries>
16-->[:file_picker] AndroidManifest.xml:9:5-15:15
17        <intent>
17-->[:file_picker] AndroidManifest.xml:10:9-14:18
18            <action android:name="android.intent.action.GET_CONTENT" />
18-->[:file_picker] AndroidManifest.xml:11:13-72
18-->[:file_picker] AndroidManifest.xml:11:21-69
19
20            <data android:mimeType="*/*" />
20-->[:file_picker] AndroidManifest.xml:13:13-44
20-->[:file_picker] AndroidManifest.xml:13:19-41
21        </intent>
22    </queries>
23
24    <uses-permission android:name="android.permission.RECORD_AUDIO" />
24-->[:camera] AndroidManifest.xml:8:5-71
24-->[:camera] AndroidManifest.xml:8:22-68
25    <uses-permission android:name="android.permission.WAKE_LOCK" />
25-->[androidx.work:work-runtime:2.2.0] AndroidManifest.xml:25:5-68
25-->[androidx.work:work-runtime:2.2.0] AndroidManifest.xml:25:22-65
26    <uses-permission android:name="android.permission.ACCESS_NETWORK_STATE" />
26-->[androidx.work:work-runtime:2.2.0] AndroidManifest.xml:26:5-79
26-->[androidx.work:work-runtime:2.2.0] AndroidManifest.xml:26:22-76
27    <uses-permission android:name="android.permission.RECEIVE_BOOT_COMPLETED" /> <!-- Don't require camera, as this requires a rear camera. This allows it to work on the Nexus 7 -->
27-->[androidx.work:work-runtime:2.2.0] AndroidManifest.xml:27:5-81
27-->[androidx.work:work-runtime:2.2.0] AndroidManifest.xml:27:22-78
28    <uses-feature
28-->[com.journeyapps:zxing-android-embedded:4.1.0] AndroidManifest.xml:25:5-27:36
29        android:name="android.hardware.camera"
29-->[com.journeyapps:zxing-android-embedded:4.1.0] AndroidManifest.xml:26:9-47
30        android:required="false" />
30-->[com.journeyapps:zxing-android-embedded:4.1.0] AndroidManifest.xml:27:9-33
31    <uses-feature
31-->[com.journeyapps:zxing-android-embedded:4.1.0] AndroidManifest.xml:28:5-30:36
32        android:name="android.hardware.camera.front"
32-->[com.journeyapps:zxing-android-embedded:4.1.0] AndroidManifest.xml:29:9-53
33        android:required="false" /> <!-- TODO replace above two with next line after Android 4.2 -->
33-->[com.journeyapps:zxing-android-embedded:4.1.0] AndroidManifest.xml:30:9-33
34    <!-- <uses-feature android:name="android.hardware.camera.any"/> -->
35    <uses-feature
35-->[com.journeyapps:zxing-android-embedded:4.1.0] AndroidManifest.xml:33:5-35:36
36        android:name="android.hardware.camera.autofocus"
36-->[com.journeyapps:zxing-android-embedded:4.1.0] AndroidManifest.xml:34:9-57
37        android:required="false" />
37-->[com.journeyapps:zxing-android-embedded:4.1.0] AndroidManifest.xml:35:9-33
38    <uses-feature
38-->[com.journeyapps:zxing-android-embedded:4.1.0] AndroidManifest.xml:36:5-38:36
39        android:name="android.hardware.camera.flash"
39-->[com.journeyapps:zxing-android-embedded:4.1.0] AndroidManifest.xml:37:9-53
40        android:required="false" />
40-->[com.journeyapps:zxing-android-embedded:4.1.0] AndroidManifest.xml:38:9-33
41    <uses-feature
41-->[com.journeyapps:zxing-android-embedded:4.1.0] AndroidManifest.xml:39:5-41:36
42        android:name="android.hardware.screen.landscape"
42-->[com.journeyapps:zxing-android-embedded:4.1.0] AndroidManifest.xml:40:9-57
43        android:required="false" />
43-->[com.journeyapps:zxing-android-embedded:4.1.0] AndroidManifest.xml:41:9-33
44    <uses-feature
44-->[com.journeyapps:zxing-android-embedded:4.1.0] AndroidManifest.xml:42:5-44:36
45        android:name="android.hardware.wifi"
45-->[com.journeyapps:zxing-android-embedded:4.1.0] AndroidManifest.xml:43:9-45
46        android:required="false" />
46-->[com.journeyapps:zxing-android-embedded:4.1.0] AndroidManifest.xml:44:9-33
47
48    <application
48-->src/main/AndroidManifest.xml:7:4-45:19
49        android:appComponentFactory="androidx.core.app.CoreComponentFactory"
49-->[androidx.core:core:1.5.0] AndroidManifest.xml:24:18-86
50        android:icon="@mipmap/logo"
50-->src/main/AndroidManifest.xml:10:9-36
51        android:label="Login"
51-->src/main/AndroidManifest.xml:9:9-30
52        android:requestLegacyExternalStorage="true" >
52-->src/main/AndroidManifest.xml:8:9-52
53        <activity
53-->src/main/AndroidManifest.xml:11:9-39:20
54            android:name="com.example.fms_app.MainActivity"
54-->src/main/AndroidManifest.xml:12:13-41
55            android:configChanges="orientation|keyboardHidden|keyboard|screenSize|smallestScreenSize|locale|layoutDirection|fontScale|screenLayout|density|uiMode"
55-->src/main/AndroidManifest.xml:15:13-163
56            android:hardwareAccelerated="true"
56-->src/main/AndroidManifest.xml:16:13-47
57            android:launchMode="singleTop"
57-->src/main/AndroidManifest.xml:13:13-43
58            android:theme="@style/LaunchTheme"
58-->src/main/AndroidManifest.xml:14:13-47
59            android:windowSoftInputMode="adjustResize" >
59-->src/main/AndroidManifest.xml:17:13-55
60
61            <!--
62                 Specifies an Android theme to apply to this Activity as soon as
63                 the Android process has started. This theme is visible to the user
64                 while the Flutter UI initializes. After that, this theme continues
65                 to determine the Window background behind the Flutter UI.
66            -->
67            <meta-data
67-->src/main/AndroidManifest.xml:22:13-25:17
68                android:name="io.flutter.embedding.android.NormalTheme"
68-->src/main/AndroidManifest.xml:23:15-70
69                android:resource="@style/NormalTheme" />
69-->src/main/AndroidManifest.xml:24:15-52
70            <!--
71                 Displays an Android View that continues showing the launch screen
72                 Drawable until Flutter paints its first frame, then this splash
73                 screen fades out. A splash screen is useful to avoid any visual
74                 gap between the end of Android's launch screen and the painting of
75                 Flutter's first frame.
76            -->
77            <meta-data
77-->src/main/AndroidManifest.xml:31:13-34:17
78                android:name="io.flutter.embedding.android.SplashScreenDrawable"
78-->src/main/AndroidManifest.xml:32:15-79
79                android:resource="@drawable/launch_background" />
79-->src/main/AndroidManifest.xml:33:15-61
80
81            <intent-filter>
81-->src/main/AndroidManifest.xml:35:13-38:29
82                <action android:name="android.intent.action.MAIN" />
82-->src/main/AndroidManifest.xml:36:17-68
82-->src/main/AndroidManifest.xml:36:25-66
83
84                <category android:name="android.intent.category.LAUNCHER" />
84-->src/main/AndroidManifest.xml:37:17-76
84-->src/main/AndroidManifest.xml:37:27-74
85            </intent-filter>
86        </activity>
87        <!--
88             Don't delete the meta-data below.
89             This is used by the Flutter tool to generate GeneratedPluginRegistrant.java
90        -->
91        <meta-data
91-->src/main/AndroidManifest.xml:42:9-44:33
92            android:name="flutterEmbedding"
92-->src/main/AndroidManifest.xml:43:13-44
93            android:value="2" />
93-->src/main/AndroidManifest.xml:44:13-30
94
95        <provider
95-->[:image_picker] AndroidManifest.xml:8:9-16:20
96            android:name="io.flutter.plugins.imagepicker.ImagePickerFileProvider"
96-->[:image_picker] AndroidManifest.xml:9:13-82
97            android:authorities="com.example.fms_app.flutter.image_provider"
97-->[:image_picker] AndroidManifest.xml:10:13-74
98            android:exported="false"
98-->[:image_picker] AndroidManifest.xml:11:13-37
99            android:grantUriPermissions="true" >
99-->[:image_picker] AndroidManifest.xml:12:13-47
100            <meta-data
100-->[:image_picker] AndroidManifest.xml:13:13-15:75
101                android:name="android.support.FILE_PROVIDER_PATHS"
101-->[:image_picker] AndroidManifest.xml:14:17-67
102                android:resource="@xml/flutter_image_picker_file_paths" />
102-->[:image_picker] AndroidManifest.xml:15:17-72
103        </provider>
104        <provider
104-->[androidx.work:work-runtime:2.2.0] AndroidManifest.xml:30:9-36:35
105            android:name="androidx.work.impl.WorkManagerInitializer"
105-->[androidx.work:work-runtime:2.2.0] AndroidManifest.xml:31:13-69
106            android:authorities="com.example.fms_app.workmanager-init"
106-->[androidx.work:work-runtime:2.2.0] AndroidManifest.xml:32:13-68
107            android:directBootAware="false"
107-->[androidx.work:work-runtime:2.2.0] AndroidManifest.xml:33:13-44
108            android:exported="false"
108-->[androidx.work:work-runtime:2.2.0] AndroidManifest.xml:34:13-37
109            android:multiprocess="true" />
109-->[androidx.work:work-runtime:2.2.0] AndroidManifest.xml:35:13-40
110
111        <service
111-->[androidx.work:work-runtime:2.2.0] AndroidManifest.xml:38:9-43:35
112            android:name="androidx.work.impl.background.systemalarm.SystemAlarmService"
112-->[androidx.work:work-runtime:2.2.0] AndroidManifest.xml:39:13-88
113            android:directBootAware="false"
113-->[androidx.work:work-runtime:2.2.0] AndroidManifest.xml:40:13-44
114            android:enabled="@bool/enable_system_alarm_service_default"
114-->[androidx.work:work-runtime:2.2.0] AndroidManifest.xml:41:13-72
115            android:exported="false" />
115-->[androidx.work:work-runtime:2.2.0] AndroidManifest.xml:42:13-37
116        <service
116-->[androidx.work:work-runtime:2.2.0] AndroidManifest.xml:44:9-50:35
117            android:name="androidx.work.impl.background.systemjob.SystemJobService"
117-->[androidx.work:work-runtime:2.2.0] AndroidManifest.xml:45:13-84
118            android:directBootAware="false"
118-->[androidx.work:work-runtime:2.2.0] AndroidManifest.xml:46:13-44
119            android:enabled="@bool/enable_system_job_service_default"
119-->[androidx.work:work-runtime:2.2.0] AndroidManifest.xml:47:13-70
120            android:exported="true"
120-->[androidx.work:work-runtime:2.2.0] AndroidManifest.xml:48:13-36
121            android:permission="android.permission.BIND_JOB_SERVICE" />
121-->[androidx.work:work-runtime:2.2.0] AndroidManifest.xml:49:13-69
122
123        <receiver
123-->[androidx.work:work-runtime:2.2.0] AndroidManifest.xml:52:9-57:35
124            android:name="androidx.work.impl.utils.ForceStopRunnable$BroadcastReceiver"
124-->[androidx.work:work-runtime:2.2.0] AndroidManifest.xml:53:13-88
125            android:directBootAware="false"
125-->[androidx.work:work-runtime:2.2.0] AndroidManifest.xml:54:13-44
126            android:enabled="true"
126-->[androidx.work:work-runtime:2.2.0] AndroidManifest.xml:55:13-35
127            android:exported="false" />
127-->[androidx.work:work-runtime:2.2.0] AndroidManifest.xml:56:13-37
128        <receiver
128-->[androidx.work:work-runtime:2.2.0] AndroidManifest.xml:58:9-68:20
129            android:name="androidx.work.impl.background.systemalarm.ConstraintProxy$BatteryChargingProxy"
129-->[androidx.work:work-runtime:2.2.0] AndroidManifest.xml:59:13-106
130            android:directBootAware="false"
130-->[androidx.work:work-runtime:2.2.0] AndroidManifest.xml:60:13-44
131            android:enabled="false"
131-->[androidx.work:work-runtime:2.2.0] AndroidManifest.xml:61:13-36
132            android:exported="false" >
132-->[androidx.work:work-runtime:2.2.0] AndroidManifest.xml:62:13-37
133            <intent-filter>
133-->[androidx.work:work-runtime:2.2.0] AndroidManifest.xml:64:13-67:29
134                <action android:name="android.intent.action.ACTION_POWER_CONNECTED" />
134-->[androidx.work:work-runtime:2.2.0] AndroidManifest.xml:65:17-87
134-->[androidx.work:work-runtime:2.2.0] AndroidManifest.xml:65:25-84
135                <action android:name="android.intent.action.ACTION_POWER_DISCONNECTED" />
135-->[androidx.work:work-runtime:2.2.0] AndroidManifest.xml:66:17-90
135-->[androidx.work:work-runtime:2.2.0] AndroidManifest.xml:66:25-87
136            </intent-filter>
137        </receiver>
138        <receiver
138-->[androidx.work:work-runtime:2.2.0] AndroidManifest.xml:69:9-79:20
139            android:name="androidx.work.impl.background.systemalarm.ConstraintProxy$BatteryNotLowProxy"
139-->[androidx.work:work-runtime:2.2.0] AndroidManifest.xml:70:13-104
140            android:directBootAware="false"
140-->[androidx.work:work-runtime:2.2.0] AndroidManifest.xml:71:13-44
141            android:enabled="false"
141-->[androidx.work:work-runtime:2.2.0] AndroidManifest.xml:72:13-36
142            android:exported="false" >
142-->[androidx.work:work-runtime:2.2.0] AndroidManifest.xml:73:13-37
143            <intent-filter>
143-->[androidx.work:work-runtime:2.2.0] AndroidManifest.xml:75:13-78:29
144                <action android:name="android.intent.action.BATTERY_OKAY" />
144-->[androidx.work:work-runtime:2.2.0] AndroidManifest.xml:76:17-77
144-->[androidx.work:work-runtime:2.2.0] AndroidManifest.xml:76:25-74
145                <action android:name="android.intent.action.BATTERY_LOW" />
145-->[androidx.work:work-runtime:2.2.0] AndroidManifest.xml:77:17-76
145-->[androidx.work:work-runtime:2.2.0] AndroidManifest.xml:77:25-73
146            </intent-filter>
147        </receiver>
148        <receiver
148-->[androidx.work:work-runtime:2.2.0] AndroidManifest.xml:80:9-90:20
149            android:name="androidx.work.impl.background.systemalarm.ConstraintProxy$StorageNotLowProxy"
149-->[androidx.work:work-runtime:2.2.0] AndroidManifest.xml:81:13-104
150            android:directBootAware="false"
150-->[androidx.work:work-runtime:2.2.0] AndroidManifest.xml:82:13-44
151            android:enabled="false"
151-->[androidx.work:work-runtime:2.2.0] AndroidManifest.xml:83:13-36
152            android:exported="false" >
152-->[androidx.work:work-runtime:2.2.0] AndroidManifest.xml:84:13-37
153            <intent-filter>
153-->[androidx.work:work-runtime:2.2.0] AndroidManifest.xml:86:13-89:29
154                <action android:name="android.intent.action.DEVICE_STORAGE_LOW" />
154-->[androidx.work:work-runtime:2.2.0] AndroidManifest.xml:87:17-83
154-->[androidx.work:work-runtime:2.2.0] AndroidManifest.xml:87:25-80
155                <action android:name="android.intent.action.DEVICE_STORAGE_OK" />
155-->[androidx.work:work-runtime:2.2.0] AndroidManifest.xml:88:17-82
155-->[androidx.work:work-runtime:2.2.0] AndroidManifest.xml:88:25-79
156            </intent-filter>
157        </receiver>
158        <receiver
158-->[androidx.work:work-runtime:2.2.0] AndroidManifest.xml:91:9-100:20
159            android:name="androidx.work.impl.background.systemalarm.ConstraintProxy$NetworkStateProxy"
159-->[androidx.work:work-runtime:2.2.0] AndroidManifest.xml:92:13-103
160            android:directBootAware="false"
160-->[androidx.work:work-runtime:2.2.0] AndroidManifest.xml:93:13-44
161            android:enabled="false"
161-->[androidx.work:work-runtime:2.2.0] AndroidManifest.xml:94:13-36
162            android:exported="false" >
162-->[androidx.work:work-runtime:2.2.0] AndroidManifest.xml:95:13-37
163            <intent-filter>
163-->[androidx.work:work-runtime:2.2.0] AndroidManifest.xml:97:13-99:29
164                <action android:name="android.net.conn.CONNECTIVITY_CHANGE" />
164-->[androidx.work:work-runtime:2.2.0] AndroidManifest.xml:98:17-79
164-->[androidx.work:work-runtime:2.2.0] AndroidManifest.xml:98:25-76
165            </intent-filter>
166        </receiver>
167        <receiver
167-->[androidx.work:work-runtime:2.2.0] AndroidManifest.xml:101:9-112:20
168            android:name="androidx.work.impl.background.systemalarm.RescheduleReceiver"
168-->[androidx.work:work-runtime:2.2.0] AndroidManifest.xml:102:13-88
169            android:directBootAware="false"
169-->[androidx.work:work-runtime:2.2.0] AndroidManifest.xml:103:13-44
170            android:enabled="false"
170-->[androidx.work:work-runtime:2.2.0] AndroidManifest.xml:104:13-36
171            android:exported="false" >
171-->[androidx.work:work-runtime:2.2.0] AndroidManifest.xml:105:13-37
172            <intent-filter>
172-->[androidx.work:work-runtime:2.2.0] AndroidManifest.xml:107:13-111:29
173                <action android:name="android.intent.action.BOOT_COMPLETED" />
173-->[androidx.work:work-runtime:2.2.0] AndroidManifest.xml:108:17-79
173-->[androidx.work:work-runtime:2.2.0] AndroidManifest.xml:108:25-76
174                <action android:name="android.intent.action.TIME_SET" />
174-->[androidx.work:work-runtime:2.2.0] AndroidManifest.xml:109:17-73
174-->[androidx.work:work-runtime:2.2.0] AndroidManifest.xml:109:25-70
175                <action android:name="android.intent.action.TIMEZONE_CHANGED" />
175-->[androidx.work:work-runtime:2.2.0] AndroidManifest.xml:110:17-81
175-->[androidx.work:work-runtime:2.2.0] AndroidManifest.xml:110:25-78
176            </intent-filter>
177        </receiver>
178        <receiver
178-->[androidx.work:work-runtime:2.2.0] AndroidManifest.xml:113:9-122:20
179            android:name="androidx.work.impl.background.systemalarm.ConstraintProxyUpdateReceiver"
179-->[androidx.work:work-runtime:2.2.0] AndroidManifest.xml:114:13-99
180            android:directBootAware="false"
180-->[androidx.work:work-runtime:2.2.0] AndroidManifest.xml:115:13-44
181            android:enabled="@bool/enable_system_alarm_service_default"
181-->[androidx.work:work-runtime:2.2.0] AndroidManifest.xml:116:13-72
182            android:exported="false" >
182-->[androidx.work:work-runtime:2.2.0] AndroidManifest.xml:117:13-37
183            <intent-filter>
183-->[androidx.work:work-runtime:2.2.0] AndroidManifest.xml:119:13-121:29
184                <action android:name="androidx.work.impl.background.systemalarm.UpdateProxies" />
184-->[androidx.work:work-runtime:2.2.0] AndroidManifest.xml:120:17-98
184-->[androidx.work:work-runtime:2.2.0] AndroidManifest.xml:120:25-95
185            </intent-filter>
186        </receiver>
187
188        <service
188-->[androidx.room:room-runtime:2.1.0] AndroidManifest.xml:25:9-27:40
189            android:name="androidx.room.MultiInstanceInvalidationService"
189-->[androidx.room:room-runtime:2.1.0] AndroidManifest.xml:26:13-74
190            android:exported="false" />
190-->[androidx.room:room-runtime:2.1.0] AndroidManifest.xml:27:13-37
191
192        <activity
192-->[com.journeyapps:zxing-android-embedded:4.1.0] AndroidManifest.xml:47:9-53:63
193            android:name="com.journeyapps.barcodescanner.CaptureActivity"
193-->[com.journeyapps:zxing-android-embedded:4.1.0] AndroidManifest.xml:48:13-74
194            android:clearTaskOnLaunch="true"
194-->[com.journeyapps:zxing-android-embedded:4.1.0] AndroidManifest.xml:49:13-45
195            android:screenOrientation="sensorLandscape"
195-->[com.journeyapps:zxing-android-embedded:4.1.0] AndroidManifest.xml:50:13-56
196            android:stateNotNeeded="true"
196-->[com.journeyapps:zxing-android-embedded:4.1.0] AndroidManifest.xml:51:13-42
197            android:theme="@style/zxing_CaptureTheme"
197-->[com.journeyapps:zxing-android-embedded:4.1.0] AndroidManifest.xml:52:13-54
198            android:windowSoftInputMode="stateAlwaysHidden" />
198-->[com.journeyapps:zxing-android-embedded:4.1.0] AndroidManifest.xml:53:13-60
199    </application>
200
201</manifest>